<?xml version="1.0" encoding="UTF-8"?>
<testng-results ignored="0" total="1" passed="1" failed="0" skipped="0">
  <reporter-output>
  </reporter-output>
  <suite started-at="2025-01-16T10:18:51 GMT-08:00" name="Default suite" finished-at="2025-01-16T10:19:05 GMT-08:00" duration-ms="14089">
    <groups>
    </groups>
    <test started-at="2025-01-16T10:18:51 GMT-08:00" name="Default test" finished-at="2025-01-16T10:19:05 GMT-08:00" duration-ms="14089">
      <class name="com.selenium.mavenproject.takeScreenShotWithBase">
        <test-method is-config="true" signature="launchBrowser()[pri:0, instance:com.selenium.mavenproject.takeScreenShotWithBase@3835c46]" started-at="2025-01-16T10:18:51 GMT-08:00" name="launchBrowser" finished-at="2025-01-16T10:18:58 GMT-08:00" duration-ms="6829" status="PASS">
          <reporter-output>
          </reporter-output>
        </test-method> <!-- launchBrowser -->
        <test-method signature="takeScreenShots()[pri:0, instance:com.selenium.mavenproject.takeScreenShotWithBase@3835c46]" started-at="2025-01-16T10:18:58 GMT-08:00" name="takeScreenShots" finished-at="2025-01-16T10:19:05 GMT-08:00" duration-ms="7219" status="PASS">
          <reporter-output>
          </reporter-output>
        </test-method> <!-- takeScreenShots -->
      </class> <!-- com.selenium.mavenproject.takeScreenShotWithBase -->
    </test> <!-- Default test -->
  </suite> <!-- Default suite -->
</testng-results>
