<?xml version="1.0" encoding="UTF-8"?>
<testng-results ignored="0" total="1" passed="1" failed="0" skipped="0">
  <reporter-output>
  </reporter-output>
  <suite started-at="2025-01-10T10:13:53 GMT-08:00" name="Default suite" finished-at="2025-01-10T10:14:19 GMT-08:00" duration-ms="25969">
    <groups>
    </groups>
    <test started-at="2025-01-10T10:13:53 GMT-08:00" name="Default test" finished-at="2025-01-10T10:14:19 GMT-08:00" duration-ms="25969">
      <class name="com.testNG.SATNG_10_TC_Runner">
        <test-method is-config="true" signature="beforeTest()[pri:0, instance:com.testNG.SATNG_10_TC_Runner@dbf57b3]" started-at="2025-01-10T10:13:53 GMT-08:00" name="beforeTest" finished-at="2025-01-10T10:14:11 GMT-08:00" duration-ms="18312" status="PASS">
          <reporter-output>
          </reporter-output>
        </test-method> <!-- beforeTest -->
        <test-method signature="loginTest()[pri:0, instance:com.testNG.SATNG_10_TC_Runner@dbf57b3]" started-at="2025-01-10T10:14:11 GMT-08:00" name="loginTest" finished-at="2025-01-10T10:14:19 GMT-08:00" duration-ms="7614" status="PASS">
          <reporter-output>
          </reporter-output>
        </test-method> <!-- loginTest -->
        <test-method is-config="true" signature="afterTest()[pri:0, instance:com.testNG.SATNG_10_TC_Runner@dbf57b3]" started-at="2025-01-10T10:14:19 GMT-08:00" name="afterTest" finished-at="2025-01-10T10:14:19 GMT-08:00" duration-ms="1" status="PASS">
          <reporter-output>
          </reporter-output>
        </test-method> <!-- afterTest -->
      </class> <!-- com.testNG.SATNG_10_TC_Runner -->
    </test> <!-- Default test -->
  </suite> <!-- Default suite -->
</testng-results>
