<?xml version="1.0" encoding="UTF-8"?>
<!-- Generated by org.testng.reporters.JUnitXMLReporter -->
<testsuite ignored="0" hostname="Nitins-MacBook-Pro.local" failures="0" tests="3" name="Default test" time="0.161" errors="0" timestamp="2025-01-08T10:26:04 GMT-08:00">
  <testcase classname="com.testNG.SATNG_03_DataProvider" name="getData" time="0.075"/>
  <testcase classname="com.testNG.SATNG_03_DataProvider" name="getData" time="0.003"/>
  <testcase classname="com.testNG.SATNG_03_DataProvider" name="getData" time="0.002"/>
</testsuite> <!-- Default test -->
